{"repo_name":{"0":"hyper","1":"hyper","2":"hyper","3":"vercel","4":"vercel","5":"spring-data-mongodb","6":"spring-data-mongodb","7":"llama-models","8":"llama-models","9":"commitlint","10":"commitlint","11":"pgjdbc","12":"systemd","13":"systemd","14":"beast","15":"beast","16":"pandas","17":"vim-fugitive","18":"prisma","19":"prisma","20":"stripe-node"},"title":{"0":"Allow overriding the default shell on Windows","1":"Support forward slashes on Windows","2":"Support home-relative paths by expanding `~`","3":"`vercel link --repo` very slow","4":"[cli] Add telemetry for `vercel teams invite email1, email2`","5":"Add `@Meta(resolver = \u2026)` attribute to customize `Meta` resolutions","6":"Cannot add litteral array with SetUnion","7":"Can llama3.2 vision accept no image?","8":"lm_head weight of Llama3.2_3B_instruct model","9":"fix: Commitlint has path error when cloning proj onto a Linux Machine","10":"fix: <title> type-enum inside RuleConfigSeverity.Error is not working.","11":"getSchemas with empty string for schemaPattern returns schemas, violating JDBC spec","12":"memory.swap.max == max contrary to systemctl show\/expectation","13":"systemd-machined can be crashed by calling the List varlink method","14":"`static` global functions in headers interferes with use of modules","15":"basic_stream's (websocket::stream) async_connect compilation (type not convertible) failure introduced between Boost 1.85.0 and Boost 1.86.0","16":"BUG: \"python make.py html\" for documentation is giving error","17":":Git command fails with an error `Can't open file syntax\/diff.vim`","18":"Prisma client's `.$connect()` does not throw any error when database is not reachable on startup","19":"Inconsistent column data: Could not convert value false of the field `receiveemails` to type `Decimal`","20":"Create customer portal session with flow subscription_update - property 'subscription_update' does not exist in type 'FlowData'"},"body":{"0":"**Is your feature request related to a problem? Please describe.**\r\nOn Unix, I can `chsh` the default shell to my preferred shell and Hyper will honor that.\r\n\r\nOn Windows, there's no way to configure a default shell, as far as I can tell. I've tried overriding the COMSPEC variable, but that has no effect on Hyper.\r\n\r\nI'd like not to have to configure the default shell in the configuration file as I'd like to re-use the same configuration file that I use on other platforms.\r\n\r\n**Describe the solution you'd like**\r\nIdeally, the user could configure something in the environment to change the default shell (e.g. DEFAULT_SHELL=%userprofile%\/.local\/bin\/myshell.exe), and Hyper would honor that.\r\n","1":"**Is your feature request related to a problem? Please describe.**\r\n\r\nI use some hyper config that I'd like to share across Windows and Unix hosts. Since Windows generally supports forward slashes, it would be nice if Hyper would do the same when on Windows, allowing a config to be shared across platforms. For example:\r\n\r\n```\r\n    shell: '\/Users\/jaraco\/.local\/bin\/xonsh.exe',\r\n```\r\n\r\nThat config doesn't work on Windows and will cause a crash, even if that file exists. Only after translating the forward slashes to backslashes does the application run.\r\n\r\n**Describe the solution you'd like**\r\n\r\nBetter would be to honor forward slashes on all platforms, making the configuration files more portable. That could be done by translating the forward slashes to backslashes before passing them to Windows APIs... or more likely those paths can simply be used with forward slashes and Hyper merely needs to avoid crashing when forward slashes are supplied on Windows.\r\n","2":"**Is your feature request related to a problem? Please describe.**\r\nI'd like to be able to share my hyper config without having to customize it to each host, but due to corporate restrictions, my username must be different on these different hosts. Therefore, the shell configuration variable must necessarily be different on each machine. For example:\r\n\r\n```\r\n    shell: '\\\\Users\\\\jaraco\\\\.local\\\\bin\\\\xonsh.exe',\r\n```\r\n\r\n```\r\n    shell: '\\\\Users\\\\jaraco2\\\\.local\\\\bin\\\\xonsh.exe',\r\n```\r\n\r\nIf the hyper configuration would allow for home-relative paths, it would make it possible to declare this config in one way on both hosts:\r\n\r\n```\r\n    shell: '~\\\\.local\\\\bin\\\\xonsh.exe',\r\n```\r\n\r\n\r\n**Describe the solution you'd like**\r\n\r\nFor any config item that references a path, allow the path to contain `~` and expand it to the user's home directory.\r\n","3":"I used `0x` to trace it and its a glob issue.\r\n\r\nThe issue is `cwd = \/`. This is used for globbing which means its searches the entire file system.\r\n\r\n```\r\nexport async function getWorkspaces({\r\n  fs,\r\n  depth = MAX_DEPTH_TRAVERSE,\r\n  cwd = '\/',\r\n}: GetWorkspaceOptions): Promise<Workspace[]> {\r\n  if (depth === 0) return [];\r\n\r\n  const workspaceType = await detectWorkspaceManagers({\r\n    fs,\r\n    frameworkList: workspaceManagers,\r\n  });\r\n\r\n  if (workspaceType === null) {\r\n    const directoryContents = await fs.readdir('.\/');\r\n    const childDirectories = directoryContents.filter(\r\n      stat => stat.type === 'dir'\r\n    );\r\n\r\n    return (\r\n      await Promise.all(\r\n        childDirectories.map(childDirectory =>\r\n          getWorkspaces({\r\n            fs: fs.chdir(childDirectory.path),\r\n            depth: depth - 1,\r\n            cwd: posixPath.join(cwd, childDirectory.path),\r\n          })\r\n        )\r\n      )\r\n    ).flat();\r\n  }\r\n\r\n  return [\r\n    {\r\n      type: workspaceType as WorkspaceType,\r\n      rootPath: cwd,\r\n    },\r\n  ];\r\n}\r\n\r\n```\r\n\r\nGlobs...\r\n\r\n```\r\nrepos\/**\/package.json\r\ntools\/**\/package.json\r\n!**\/.vercel\/**\/package.json\r\n!**\/.venv\/**\/package.json\r\n!**\/+archive\/**\/package.json\r\n!**\/static\/**\/package.json\r\n```\r\n\r\n---\r\n\r\nRuns out of memory.\r\n\r\n```\r\n<--- Last few GCs --->\r\n\r\n[15380:0x158008000]    86415 ms: Mark-Compact 3997.6 (4131.3) -> 3977.8 (4129.5) MB, pooled: 5 MB, 965.83 \/ 0.00 ms  (average mu = 0.151, current mu = 0.087) allocation failure; scavenge might not succeed\r\n[15380:0x158008000]    87460 ms: Mark-Compact 3995.1 (4130.8) -> 3976.6 (4130.8) MB, pooled: 4 MB, 1021.75 \/ 0.00 ms  (average mu = 0.089, current mu = 0.022) allocation failure; scavenge might not succeed\r\n\r\n\r\n<--- JS stacktrace --->\r\n\r\nFATAL ERROR: Ineffective mark-compacts near heap limit Allocation failed - JavaScript heap out of memory\r\n----- Native stack trace -----\r\n\r\n 1: 0x102bb9270 node::OOMErrorHandler(char const*, v8::OOMDetails const&) [\/Users\/Vaughan\/Library\/pnpm\/nodejs\/22.8.0\/bin\/node]\r\n 2: 0x102d94a40 v8::internal::V8::FatalProcessOutOfMemory(v8::internal::Isolate*, char const*, v8::OOMDetails const&) [\/Users\/Vaughan\/Library\/pnpm\/nodejs\/22.8.0\/bin\/node]\r\n 3: 0x102f6bb30 v8::internal::Heap::stack() [\/Users\/Vaughan\/Library\/pnpm\/nodejs\/22.8.0\/bin\/node]\r\n 4: 0x102f7fcc4 v8::internal::Heap::CollectGarbage(v8::internal::AllocationSpace, v8::internal::GarbageCollectionReason, v8::GCCallbackFlags)::$_7::operator()() const [\/Users\/Vaughan\/Library\/pnpm\/nodejs\/22.8.0\/bin\/node]\r\n 5: 0x102f7f57c void heap::base::Stack::SetMarkerAndCallbackImpl<v8::internal::Heap::CollectGarbage(v8::internal::AllocationSpace, v8::internal::GarbageCollectionReason, v8::GCCallbackFlags)::$_7>(heap::base::Stack*, void*, void const*) [\/Users\/Vaughan\/Library\/pnpm\/nodejs\/22.8.0\/bin\/node]\r\n 6: 0x1037b4d20 PushAllRegistersAndIterateStack [\/Users\/Vaughan\/Library\/pnpm\/nodejs\/22.8.0\/bin\/node]\r\n 7: 0x102f69ef4 v8::internal::Heap::CollectGarbage(v8::internal::AllocationSpace, v8::internal::GarbageCollectionReason, v8::GCCallbackFlags) [\/Users\/Vaughan\/Library\/pnpm\/nodejs\/22.8.0\/bin\/node]\r\n 8: 0x102f5f484 v8::internal::HeapAllocator::AllocateRawWithLightRetrySlowPath(int, v8::internal::AllocationType, v8::internal::AllocationOrigin, v8::internal::AllocationAlignment) [\/Users\/Vaughan\/Library\/pnpm\/nodejs\/22.8.0\/bin\/node]\r\n 9: 0x102f5fcb0 v8::internal::HeapAllocator::AllocateRawWithRetryOrFailSlowPath(int, v8::internal::AllocationType, v8::internal::AllocationOrigin, v8::internal::AllocationAlignment) [\/Users\/Vaughan\/Library\/pnpm\/nodejs\/22.8.0\/bin\/node]\r\n10: 0x102f42ca8 v8::internal::Factory::NewFillerObject(int, v8::internal::AllocationAlignment, v8::internal::AllocationType, v8::internal::AllocationOrigin) [\/Users\/Vaughan\/Library\/pnpm\/nodejs\/22.8.0\/bin\/node]\r\n11: 0x103337bd4 v8::internal::Runtime_AllocateInYoungGeneration(int, unsigned long*, v8::internal::Isolate*) [\/Users\/Vaughan\/Library\/pnpm\/nodejs\/22.8.0\/bin\/node]\r\n12: 0x1038b601c Builtins_WasmCEntry [\/Users\/Vaughan\/Library\/pnpm\/nodejs\/22.8.0\/bin\/node]\r\n13: 0x1038b6464 Builtins_StringAdd_CheckNone [\/Users\/Vaughan\/Library\/pnpm\/nodejs\/22.8.0\/bin\/node]\r\n14: 0x109ba4668\r\n15: 0x109c3af04\r\n16: 0x109c8f378\r\n17: 0x109c98090\r\n18: 0x109c9e914\r\n19: 0x109c26514\r\n20: 0x109c39108\r\n21: 0x109ca2de4\r\n22: 0x109c39108\r\n23: 0x109c9a138\r\n24: 0x109c27b54\r\n25: 0x109c27c70\r\n26: 0x103928658 Builtins_PromiseFulfillReactionJob [\/Users\/Vaughan\/Library\/pnpm\/nodejs\/22.8.0\/bin\/node]\r\n27: 0x10384d714 Builtins_RunMicrotasks [\/Users\/Vaughan\/Library\/pnpm\/nodejs\/22.8.0\/bin\/node]\r\n28: 0x10381eaf4 Builtins_JSRunMicrotasksEntry [\/Users\/Vaughan\/Library\/pnpm\/nodejs\/22.8.0\/bin\/node]\r\n29: 0x102ec483c v8::internal::(anonymous namespace)::Invoke(v8::internal::Isolate*, v8::internal::(anonymous namespace)::InvokeParams const&) [\/Users\/Vaughan\/Library\/pnpm\/nodejs\/22.8.0\/bin\/node]\r\n30: 0x102ec4ccc v8::internal::(anonymous namespace)::InvokeWithTryCatch(v8::internal::Isolate*, v8::internal::(anonymous namespace)::InvokeParams const&) [\/Users\/Vaughan\/Library\/pnpm\/nodejs\/22.8.0\/bin\/node]\r\n31: 0x102ec4e08 v8::internal::Execution::TryRunMicrotasks(v8::internal::Isolate*, v8::internal::MicrotaskQueue*) [\/Users\/Vaughan\/Library\/pnpm\/nodejs\/22.8.0\/bin\/node]\r\n32: 0x102eeed90 v8::internal::MicrotaskQueue::RunMicrotasks(v8::internal::Isolate*) [\/Users\/Vaughan\/Library\/pnpm\/nodejs\/22.8.0\/bin\/node]\r\n33: 0x102eef530 v8::internal::MicrotaskQueue::PerformCheckpoint(v8::Isolate*) [\/Users\/Vaughan\/Library\/pnpm\/nodejs\/22.8.0\/bin\/node]\r\n34: 0x102ad9980 node::InternalCallbackScope::Close() [\/Users\/Vaughan\/Library\/pnpm\/nodejs\/22.8.0\/bin\/node]\r\n35: 0x102ad93d4 node::InternalCallbackScope::~InternalCallbackScope() [\/Users\/Vaughan\/Library\/pnpm\/nodejs\/22.8.0\/bin\/node]\r\n36: 0x102bb2450 node::fs::FSReqPromise<node::AliasedBufferBase<double, v8::Float64Array>>::Resolve(v8::Local<v8::Value>) [\/Users\/Vaughan\/Library\/pnpm\/nodejs\/22.8.0\/bin\/node]\r\n37: 0x102bbf4ac node::fs::AfterStat(uv_fs_s*) [\/Users\/Vaughan\/Library\/pnpm\/nodejs\/22.8.0\/bin\/node]\r\n38: 0x102bb2ef4 node::MakeLibuvRequestCallback<uv_fs_s, void (*)(uv_fs_s*)>::Wrapper(uv_fs_s*) [\/Users\/Vaughan\/Library\/pnpm\/nodejs\/22.8.0\/bin\/node]\r\n39: 0x1037f9edc uv__work_done [\/Users\/Vaughan\/Library\/pnpm\/nodejs\/22.8.0\/bin\/node]\r\n40: 0x1037fd9b0 uv__async_io [\/Users\/Vaughan\/Library\/pnpm\/nodejs\/22.8.0\/bin\/node]\r\n41: 0x10380ff74 uv__io_poll [\/Users\/Vaughan\/Library\/pnpm\/nodejs\/22.8.0\/bin\/node]\r\n42: 0x1037fdf74 uv_run [\/Users\/Vaughan\/Library\/pnpm\/nodejs\/22.8.0\/bin\/node]\r\n43: 0x102ada46c node::SpinEventLoopInternal(node::Environment*) [\/Users\/Vaughan\/Library\/pnpm\/nodejs\/22.8.0\/bin\/node]\r\n44: 0x102bfdd80 node::NodeMainInstance::Run(node::ExitCode*, node::Environment*) [\/Users\/Vaughan\/Library\/pnpm\/nodejs\/22.8.0\/bin\/node]\r\n45: 0x102bfdb18 node::NodeMainInstance::Run() [\/Users\/Vaughan\/Library\/pnpm\/nodejs\/22.8.0\/bin\/node]\r\n46: 0x102b7f750 node::Start(int, char**) [\/Users\/Vaughan\/Library\/pnpm\/nodejs\/22.8.0\/bin\/node]\r\n47: 0x1849ec274 start [\/usr\/lib\/dyld]\r\n\/Users\/Vaughan\/Library\/pnpm\/vercel: line 13: 15380 Abort trap: 6           \"\/Users\/Vaughan\/Library\/pnpm\/nodejs\/22.8.0\/bin\/node\" \"$basedir\/global\/5\/node_modules\/vercel\/dist\/index.js\" \"$@\"\r\n```","4":"Additional telemetry (and minimal test setup to run) for `vercel teams invite`","5":"In the discussion of potential solutions for #4808, one idea was to add a `resolver` attribute to the `@Meta` annotation that could\u2026\r\n- either take a SpEL expression returning a fully populated `Meta` instance to be used for the query execution\r\n- or refer to a named bean implementing a dedicated interface `MetaResolver.resolve(RepositoryMethodContext)` so that implementations get access to the full method\r\n\r\nI guess both could be supported at the same time, but we might end up adding only one of the options.","6":"Hello,\r\n\r\nUsing SetOperators.SetUnion:\r\n\r\n`SetOperators.arrayAsSet(\"aField\").union(\"anotherField\")`\r\n\r\nHow can I reproduce this expression that works fine in Mongo, when one field is a single value and needs to be wrapped in square brackets:\r\n\r\n`$setUnion: [ \"$arrayOfStringField\", [ \"$stringField\" ] ]`\r\n\r\nThanks","7":"Hello, \r\n\r\nthank you for thegreat work.\r\nI have been trying to expermint with the model and see how it works.\r\n\r\nMy question is:\r\nCan I use llama3.2 vision to cover cases where there is no image?\r\n\r\nI tried set the value of the image variable to None or even delete it but I alawys get:\r\n`ValueError: Invalid input type. Must be a single image, a list of images, or a list of batches of images.`\r\nOR\r\n`ValueError: No image were provided, but there are image tokens in the prompt`\r\n\r\n\r\n","8":"Hello, I find that theres no lm_head weight in model checkpoints\uff08.safetensors\uff09.\r\nHow does model load weight for the Linear Layer of lm_head ?","9":"### Steps to Reproduce\n\n```bash\n1. Clone a project where Commitlint was initialized on a Windows machine.\r\nHere is my config file\r\n`commitlint.config.js`\r\n`module.exports = { extends: ['@commitlint\/config-conventional'] }`\r\n\r\n\r\n2. Clone the project onto a Linux machine\n```\n\n\n### Current Behavior\n\nWhen committing, it successfully completes all steps then on the last step, I get an `errno` of `-2`\r\n\r\n> file:\/\/\/home\/username\/Documents\/Coding\/projectDir\/node_modules\/@commitlint\/cli\/lib\/cli.js:127\r\n>         throw err;\r\n>         ^\r\n> \r\n> [Error: ENOENT: no such file or directory, open '\/home\/username\/Documents\/Coding\/projectDir\/\\'] {\r\n>   errno: -2,\r\n>   code: 'ENOENT',\r\n>   syscall: 'open',\r\n>   path: '\/home\/username\/Documents\/Coding\/projectDir\/\\\\'\r\n> }\r\n> \n\n### Expected Behavior\n\nIt should properly commit\n\n### Affected packages\n\n- [ ] cli\n- [X] core\n- [ ] prompt\n- [ ] config-angular\n\n### Possible Solution\n\nI believe the issue is somehow those extra slashes at the end of the path are being added.\n\n### Context\n\nThis has stopped me from commiting my code on my linux machine\n\n### commitlint --version\n\n^19.2.1\n\n### git --version\n\nV2.43.0\n\n### node --version\n\nv18.19.1","10":"### Steps to Reproduce\n\n```bash\nimport { RuleConfigSeverity, UserConfig } from '@commitlint\/types';\r\n\r\nconst Configuration: UserConfig = {\r\n   rules: {\r\n\t\t\"type-enum\": [\r\n\t\t\tRuleConfigSeverity.Error,\r\n\t\t\t\"always\",\r\n\t\t\t[\r\n\t\t\t\t\/\/ Changes related to the build process or build tools.\r\n\t\t\t\t\"build\",\r\n\t\t\t\t\/\/ Changes that introduce functional or behavioral modifications.\r\n\t\t\t\t\"change\",\r\n\r\n\t\t\t\t\/\/ Miscellaneous tasks or maintenance chores that don't affect functionality.\r\n\t\t\t\t\"chore\",\r\n                  ]\r\n}\r\n\r\nexport default Configuration;\n```\n\n\n### Current Behavior\n\n![Screenshot from 2024-08-10 18-57-26](https:\/\/github.com\/user-attachments\/assets\/4c618e28-fbae-4400-99ef-23585dc39704)\r\n\n\n### Expected Behavior\n\n![Screenshot from 2024-08-10 18-58-13](https:\/\/github.com\/user-attachments\/assets\/cdd3262d-9c5b-49c7-a8b9-aefa58ea08d5)\r\n\n\n### Affected packages\n\n- [X] cli\n- [ ] core\n- [X] prompt\n- [ ] config-angular\n\n### Possible Solution\n\n_No response_\n\n### Context\n\n_No response_\n\n### commitlint --version\n\n@commitlint\/cli@19.4.0\n\n### git --version\n\nv2.46.0\n\n### node --version\n\nv20.16.0","11":"**Describe the issue**\r\nThe method getSchemas(String catalog, String schemaPattern) in pgjdbc's implementation of the interface DatabaseMetaData returns rows when I supply an empty string for the argument `schemaPattern`. However, no rows should be returned, because the schema name must match a non-null `schemaPattern` argument, per  java.sql interface [DatabaseMetaData](https:\/\/docs.oracle.com\/en\/java\/javase\/17\/docs\/api\/java.sql\/java\/sql\/DatabaseMetaData.html#getSchemas(java.lang.String,java.lang.String)).\r\n\r\n**Driver Version?** \r\n42.7.4\r\n\r\n**Java Version?**\r\n17\r\n\r\n**PostgreSQL Version?**\r\n13.13\r\n\r\n**To Reproduce**\r\n```java\r\nResultSet rs = connection.getMetaData().getSchemas(null, \"\");\r\nif (rs.next()) {\r\n    System.out.println(\"FOUND ROWS\");\r\n} else {\r\n    System.out.println(\"no rows\");\r\n}\r\n```\r\nOutput:\r\n```\r\nFOUND ROWS\r\n```\r\n\r\n**Expected behaviour**\r\n```\r\nno rows\r\n```\r\nPer java.sql interface [DatabaseMetaData](https:\/\/docs.oracle.com\/en\/java\/javase\/17\/docs\/api\/java.sql\/java\/sql\/DatabaseMetaData.html#getSchemas(java.lang.String,java.lang.String)) getSchemas(String catalog, String schemaPattern), if the parameter `schemaPattern` is not null, then it must match the schema name as it is stored in the database:\r\n> schemaPattern - a schema name; must match the schema name as it is stored in the database; null means schema name should not be used to narrow down the search.\r\n\r\n","12":"### systemd version the issue has been seen with\n\n252\n\n### Used distribution\n\nRocky 9\n\n### Linux kernel version used\n\n5.14.0-427.22.1.el9_4.x86_64\n\n### CPU architectures issue was seen on\n\nx86_64\n\n### Component\n\nsystemd\n\n### Expected behaviour you didn't see\n\nSwap is disabled for all decedents of lsg.slice\n\n### Unexpected behaviour you saw\n\nWithout `DisableControllers=memory` any decedents defaulted to `memory.swap.max` == `max` and the `lsg.slice` root had `memory.swap.max` == 0\r\n\r\nWhen adding `DisableControllers=memory` decedents no longer had access to the memory controller, however, `lsg.slice` root now has `memory.swap.max` set to `max`\n\n### Steps to reproduce the problem\n\n1. Create a slice\r\n```cat \/etc\/systemd\/system\/lsg.slice \r\nDescription=lsg Sliceca\r\nDocumentation=man:systemd.special(7)\r\nDefaultDependencies=no\r\nBefore=slices.target\r\nRequires=-.slice\r\nAfter=-.slice\r\n\r\n[Slice]\r\nDisableControllers=memory\r\nAllowedCPUs=8-19\r\nAllowedMemoryNodes=1-2\r\nMemorySwapMax=0\r\n```\r\n2. Assign a service unit the slice \r\n```[root@lsg-04.dc3 ~]# cat \/etc\/systemd\/system\/lsg@.service \r\n[Unit]\r\nDescription=lsg\r\nAfter=...\r\n\r\n[Service]\r\nUser=lsg\r\nSlice=lsg.slice\r\n\r\nWorkingDirectory=...\r\nExecStartPre=...\r\nExecStart=...\r\n\r\nRestart=always\r\n\r\n[Install]\r\nWantedBy=multi-user.target\r\n```\r\n3. `systemctl daemon-reload`\r\n4. `systemctl restart lsg.slice` \r\n5. One can observe lsg unit processes are swapping and in looking in `\/sys\/fs\/cgroup\/lsg.slice\/memory.swap.max` we see `max`\n\n### Additional program output to the terminal or log subsystem illustrating the issue\n\n```sh\n# systemctl show lsg.slice |grep Swap\r\nMemorySwapMax=0\r\n\r\n# cat \/sys\/fs\/cgroup\/lsg.slice\/memory.swap.max \r\nmax\n```\n","13":"### systemd version the issue has been seen with\n\n2053182bd10c9c1cff0af6ec70c42e1aad321e09\n\n### Used distribution\n\nFedora 40\n\n### Linux kernel version used\n\nLinux version 6.10.12-200.fc40.x86_64\n\n### CPU architectures issue was seen on\n\nNone\n\n### Component\n\nsystemd-machined\n\n### Expected behaviour you didn't see\n\n_No response_\n\n### Unexpected behaviour you saw\n\n```sh\r\nvarlink: New incoming connection.\r\nvarlink: Connections of user 1000: 0 (of 576 max)\r\nvarlink-14-14: Setting state idle-server\r\nvarlink-14-14: Received message: {\"method\":\"io.systemd.Machine.List\",\"parameters\":{\"name\":\"\"}}\r\nvarlink-14-14: Changing state idle-server \u2192 processing-method\r\nvarlink-14-14: Sending message: {\"error\":\"org.varlink.service.InvalidParameter\",\"parameters\":{\"parameter\":\"name\"}}\r\nvarlink-14-14: Changing state processing-method \u2192 processed-method\r\nAssertion 'm' failed at src\/machine\/machined-varlink.c:397, function list_machine_one(). Aborting.\r\n```\r\n```sh\r\nAssertion 'm' failed at src\/machine\/machined-varlink.c:397, function list_machine_one(). Aborting.\r\n#0  0x00007f8ef7dc4664 in __pthread_kill_implementation () from \/lib64\/libc.so.6\r\n#1  0x00007f8ef7d6bc4e in raise () from \/lib64\/libc.so.6\r\n#2  0x00007f8ef7d53902 in abort () from \/lib64\/libc.so.6\r\n#3  0x00007f8ef8993b1a in log_assert_failed (text=<optimized out>, file=<optimized out>, line=line@entry=397, func=<optimized out>) at ..\/src\/basic\/log.c:996\r\n#4  0x000000000052a643 in list_machine_one (link=0x51300000d400, m=<optimized out>, more=<optimized out>) at ..\/src\/machine\/machined-varlink.c:397\r\n#5  0x000000000052963d in vl_method_list (link=<optimized out>, parameters=<error reading variable: Cannot access memory at address 0x0>, \r\n    flags=<optimized out>, userdata=0x50c000000040) at ..\/src\/machine\/machined-varlink.c:454\r\n#6  0x00007f8ef8ccb27c in varlink_dispatch_method (v=0x51300000d400) at ..\/src\/libsystemd\/sd-varlink\/sd-varlink.c:1383\r\n#7  sd_varlink_process (v=0x51300000d400) at ..\/src\/libsystemd\/sd-varlink\/sd-varlink.c:1456\r\n#8  0x00007f8ef8ce50f6 in defer_callback (s=s@entry=0x50e00000dda0, userdata=0x1709) at ..\/src\/libsystemd\/sd-varlink\/sd-varlink.c:2880\r\n#9  0x00007f8ef8b58b30 in source_dispatch (s=0x50e00000dda0) at ..\/src\/libsystemd\/sd-event\/sd-event.c:4260\r\n#10 0x00007f8ef8b5703a in sd_event_dispatch (e=e@entry=0x517000000080) at ..\/src\/libsystemd\/sd-event\/sd-event.c:4849\r\n#11 0x00007f8ef8b5af9a in sd_event_run (e=0x517000000080, timeout=<optimized out>) at ..\/src\/libsystemd\/sd-event\/sd-event.c:4910\r\n#12 0x00007f8ef8606a86 in bus_event_loop_with_idle (e=0x517000000080, bus=<optimized out>, name=<optimized out>, timeout=<optimized out>, \r\n    check_idle=<optimized out>, userdata=<optimized out>) at ..\/src\/shared\/bus-util.c:147\r\n#13 0x000000000050ab4a in run (argc=<optimized out>, argv=<optimized out>) at ..\/src\/machine\/machined.c:346\r\n#14 main (argc=<optimized out>, argv=<optimized out>) at ..\/src\/machine\/machined.c:358\r\n```\n\n### Steps to reproduce the problem\n\n```sh\r\nprintf '{\"method\":\"io.systemd.Machine.List\",\"parameters\":{\"name\":\"\"}}\\0' | ncat -U \/run\/systemd\/machine\/io.systemd.Machine\r\n```\n\n### Additional program output to the terminal or log subsystem illustrating the issue\n\n_No response_","14":"Beast has some global functions in its headers (for instance, `clamp` in `boost\/beast\/core\/detail\/clamp.hpp`) that are declared `static`. `static` global functions are inaccessible to the second phase of name lookup in templates instantiated outside of the module. So for instance, if I have a module like\r\n\r\n```c++\r\nmodule;\r\n\r\n#include <boost\/beast.hpp>\r\n#include <string_view>\r\n\r\nexport module thingy;\r\n\r\nstruct Thingy {\r\n    void f(std::string_view text, auto function) {\r\n        m_socket.async_write(boost::asio::buffer(text), function);\r\n    }\r\nprivate:\r\n    boost::beast::websocket::stream<boost::asio::ip::tcp::socket> m_socket;\r\n};\r\n```\r\n\r\nIf a user attempts to call `Thingy::f`, they will get an error message like\r\n\r\n```console\r\nboost\/beast\/websocket\/impl\/write.hpp:238:35: fatal error: no matching function for call to 'clamp'\r\n  238 |             bytes_transferred_ += clamp(fh_.len);\r\n```\r\n\r\nThis is because the `clamp` overloads are declared `static` (in the \"translation-unit local\" sense).\r\n\r\nRemoving `static` would fix this problem. `clamp` is a set of function templates so it doesn't need any other change. I'm not sure if there are other functions that have a similar issue, but that's the only one I've run into so far.","15":"### Version of Beast\r\n\r\nBoost 1.86.0\r\n\r\n### Steps necessary to reproduce the problem\r\n\r\nSample code and [godbolt](https:\/\/gcc.godbolt.org\/z\/eMaz79Eb5) (yes I know this minimum example is contrived, but I don't ~~want to share awful code~~ know what's intellectual property and what isn't in this section of the codebase).\r\n\r\n```cpp\r\n#include <boost\/beast\/core.hpp>\r\n#include <boost\/beast\/websocket.hpp>\r\n\r\nnamespace bb = boost::beast;\r\n\r\nextern boost::beast::websocket::stream<boost::beast::tcp_stream>* stream_;\r\nextern void onConnect(boost::beast::error_code ec, boost::asio::ip::tcp::resolver::results_type::endpoint_type);\r\n\r\nvoid onResolve(boost::beast::error_code ec, boost::asio::ip::tcp::resolver::results_type results) {\r\n    boost::beast::get_lowest_layer(*stream_).async_connect(\r\n        results, [](auto ec, auto endpoint) { onConnect(ec, endpoint); });\r\n}\r\n```\r\n\r\nSimple \"solution\" is to change `auto endpoint` to `boost::asio::ip::tcp::resolver::results_type::endpoint_type`... but I have absolutely no idea if this changes function generation \/ execution compared to what's intended; it appears as though this is a mixed Asio\/Beast bug. Reduced to a few commits in Boost Asio \/ Boost Beast, specifically:\r\n\r\n* Boost Beast @ Boost 1.85 and Boost Asio @ Boost 1.85 are fine together.\r\n* Boost Asio introduced https:\/\/github.com\/boostorg\/asio\/commit\/6ce241c2bb4217c1f22f0b25f70af637dcf27e37 which caused (can also cause?) #2867\r\n* https:\/\/github.com\/boostorg\/beast\/commit\/1a2b85b7a4a5edd6ab5f3d84bdaa50e3b09bc471 was introduced via #2893 to fix #2867\r\n\r\nAsio had no release notes available in the Boost release, I suspect this is a case of \"Asio changed a default, Beast changed [to fix ambiguity in #2867 via #2893] but introduced a different behavior change by accident.\"\r\n\r\n### All relevant compiler information\r\n\r\nI can't think of anything that is particularly relevant, but GCC 13.3 (or 14.2); `-std=c++26` is enough to trigger this.","16":"### Pandas version checks\r\n\r\n- [X] I have checked that this issue has not already been reported.\r\n\r\n- [X] I have confirmed this bug exists on the [latest version](https:\/\/pandas.pydata.org\/docs\/whatsnew\/index.html) of pandas.\r\n\r\n- [X] I have confirmed this bug exists on the [main branch](https:\/\/pandas.pydata.org\/docs\/dev\/getting_started\/install.html#installing-the-development-version-of-pandas) of pandas.\r\n\r\n\r\n### Reproducible Example\r\n\r\n```python\r\npython make.py html\r\n```\r\n\r\n\r\n### Issue Description\r\n\r\nWhile trying to [build documentation](https:\/\/pandas.pydata.org\/docs\/dev\/development\/contributing_documentation.html#building-the-documentation) for pandas-dev, the build fails with **Sphinx parallel build error**\r\n<img width=\"1071\" alt=\"Screenshot 2024-10-14 at 19 06 45\" src=\"https:\/\/github.com\/user-attachments\/assets\/9c1c2fc7-c313-43a3-a65d-f18f4099cba4\">\r\n\r\n\r\n[Stackoverflow Issue Reference](https:\/\/stackoverflow.com\/questions\/79062269\/pandas-dev-local-setup-is-failing-when-building-documentation)\r\n\r\n\r\n\r\n### Expected Behavior\r\n\r\nThe build should be successful and the docs should be built in local\r\n\r\n### Installed Versions\r\n\r\n<details>\r\n\r\nINSTALLED VERSIONS\r\n------------------\r\ncommit                : 2a10e04a099d5f1633abcdfbb2dd9fdf09142f8d\r\npython                : 3.10.15\r\npython-bits           : 64\r\nOS                    : Darwin\r\nOS-release            : 23.6.0\r\nVersion               : Darwin Kernel Version 23.6.0: Fri Jul  5 17:56:39 PDT 2024; root:xnu-10063.141.1~2\/RELEASE_ARM64_T8122\r\nmachine               : arm64\r\nprocessor             : arm\r\nbyteorder             : little\r\nLC_ALL                : None\r\nLANG                  : en_US.UTF-8\r\nLOCALE                : en_US.UTF-8\r\n\r\npandas                : 0+untagged.35606.g2a10e04\r\nnumpy                 : 1.26.4\r\ndateutil              : 2.9.0\r\npip                   : 24.2\r\nCython                : 3.0.11\r\nsphinx                : 8.1.1\r\nIPython               : 8.28.0\r\nadbc-driver-postgresql: None\r\nadbc-driver-sqlite    : None\r\nbs4                   : 4.12.3\r\nblosc                 : None\r\nbottleneck            : 1.4.0\r\nfastparquet           : 2024.5.0\r\nfsspec                : 2024.9.0\r\nhtml5lib              : 1.1\r\nhypothesis            : 6.114.1\r\ngcsfs                 : 2024.9.0post1\r\njinja2                : 3.1.4\r\nlxml.etree            : 5.3.0\r\nmatplotlib            : 3.9.2\r\nnumba                 : 0.60.0\r\nnumexpr               : 2.10.1\r\nodfpy                 : None\r\nopenpyxl              : 3.1.5\r\npsycopg2              : 2.9.9\r\npymysql               : 1.4.6\r\npyarrow               : 17.0.0\r\npyreadstat            : 1.2.7\r\npytest                : 8.3.3\r\npython-calamine       : None\r\npytz                  : 2024.2\r\npyxlsb                : 1.0.10\r\ns3fs                  : 2024.9.0\r\nscipy                 : 1.14.1\r\nsqlalchemy            : 2.0.35\r\ntables                : 3.10.1\r\ntabulate              : 0.9.0\r\nxarray                : 2024.9.0\r\nxlrd                  : 2.0.1\r\nxlsxwriter            : 3.2.0\r\nzstandard             : 0.23.0\r\ntzdata                : 2024.2\r\nqtpy                  : None\r\npyqt5                 : None\r\n\r\n<\/details>\r\n","17":"I recently started experiencing a weird error when trying to run the :Git command:\r\n\r\n```\r\nError detected while processing BufReadCmd Autocommands for \"fugitive:\/\/*\"..function fugitive#BufReadCmd[8]..fugitive#BufReadStatus[28]..BufReadCmd Autocommands for \"fugitive:\/\/*\"..function fu\r\ngitive#BufReadCmd[8]..fugitive#BufReadStatus[23]..FileType Autocommands for \"*\"..Syntax Autocommands for \"*\"..function <SNR>12_SynSet[26]..script \/Users\/***\/.local\/share\/nvim\/site\/pack\/pack\r\ner\/start\/vim-fugitive\/syntax\/fugitive.vim:                                                                                                                                                      \r\nline    8:                                                                                                                                                                                      \r\nE484: Can't open file syntax\/diff.vim \r\n```\r\n\r\nWill appreciate any help with that issue.\r\n\r\nNeovim v0.10.2\r\nFugitive @d4877e54cef67f5af4f950935b1ade19ed6b7370\r\nMacOS","18":"### Bug description\n\nI've encountered this issue in previous projects, but taught it was resolved in newer versions of Prisma. However, in my current project (using the latest Prisma version), I'm still facing the following:\r\n\r\nWhen I connect to the database at application startup using Prisma Client's `.$connect()` method, no error is thrown if the database is unreachable (either due to an incorrect host, port or the db is just down). The client simply proceeds without reporting the connection failure.\r\n\r\nTo detect the issue, I have to test manually by initiating an empty transaction or a database query, which is when the error is actually thrown.\n\n### How to reproduce\n\n<!--\r\n1. Go to '...'\r\n2. Change '....'\r\n3. Run '....'\r\n4. See error\r\n-->\r\n1. Set up Prisma with an incorrect database host or port.\r\n2. Call `PrismaClient.$connect()` during app startup.\r\n3. Observe that no error is thrown until a query is made or a transaction is started.\n\n### Expected behavior\n\nThe prisma client's `.$connect()` should throw an error if the database is not reachable\n\n### Prisma information\n\n<!-- Do not include your database credentials when sharing your Prisma schema! -->\r\nSchema file:\r\n```prisma\r\ngenerator client {\r\n  provider = \"prisma-client-js\"\r\n  output   = \".\/generated\/client\"\r\n}\r\n\r\ndatasource db {\r\n  provider = \"mongodb\"\r\n  url      = env(\"DATABASE_URL\")\r\n}\r\n\r\nmodel User {\r\n  id        String   @id @default(auto()) @map(\"_id\") @db.ObjectId\r\n  createdAt DateTime @default(now())\r\n  updatedAt DateTime @updatedAt\r\n}\r\n```\r\n\r\nApp code:\r\n```typescript\r\nconst prisma = new PrismaClient({\r\n  datasources: {\r\n    db: {\r\n      url: configs.getOrThrow(\"DATABASE_URL\") \/\/ mongodb:\/\/172.xx.xxx.x:27017\/<db>?replicaSet=replicaSet1&directConnection=true\r\n    }\r\n  }\r\n});\r\n\r\nprisma.$connect()\r\n\/\/ program continues without any error\r\n\r\n\/\/ test connection by initiating a transaction since `.$connect()` doesn't throw any error when database is unreachable\r\nprisma.$transaction(async (_) => { })\r\n```\r\n\n\n### Environment & setup\n\n- OS:  Windows\r\n- Database: MongoDB\r\n- Node.js version: v22.2.0\r\n\n\n### Prisma Version\n\nfrom `package.json`:\r\n```json\r\n  \"dependencies\": {\r\n    \"@prisma\/client\": \"^5.20.0\"\r\n  },\r\n  \"devDependencies\": {\r\n    \"prisma\": \"^5.20.0\"\r\n  }\r\n```\r\n","19":"### Bug description\n\nWe recently changed database from sqlserver to postgresql. \r\n\r\nAs column types are different between both prisma schemas, I had to convert the old schema to the new one.\r\n\r\nOur old columns in sqlserver were: \r\n\r\nReceiveEmails Boolean? \r\n\r\nand the new column is:\r\n\r\nReceiveEmails Decimal? @db.Decimal(1, 0) @map(\"receiveemails\")\r\n\r\nwhen I run a findFirstOrThrow query, I receive this error:\r\n\r\nInconsistent column data: Could not convert value false of the field `receiveemails` to type `Decimal`\n\n### How to reproduce\n\nWe are running this code in aws lambdas and this is where the error happens.\r\n\r\nWhen I run the same code on my local (macOS) we get this error.\r\n\n\n### Expected behavior\n\nI expect to not receive an error and get the correct data back in the result\n\n### Prisma information\n\n```prisma\r\nmodel Members {\r\n  Id                           String             @id(map: \"members_2982385\") @db.VarChar(128) @map(\"id\")\r\n  ReceiveEmails                Decimal?           @db.Decimal(1, 0) @map(\"receiveemails\")\r\n  PersonId                     BigInt?            @map(\"personid\")\r\n  Email                        String?            @db.VarChar(256) @map(\"email\")\r\n}\r\n```\r\n\r\n```ts\r\nawait prisma.members.findFirstOrThrow({\r\n  where: {\r\n    Id: id\r\n  }\r\n})\r\n```\r\n\n\n### Environment & setup\n\n- OS: MacOs\r\n- Database: PostgreSQL\r\n- Node.js version: 18.17.0\r\n\n\n### Prisma Version\n\n```\r\n9.6.7\r\n```\r\n","20":"### Describe the bug\r\n\r\nTS complains about missing property 'subscription_update' on interface FlowData\r\n\r\n### To Reproduce\r\n\r\nI want customers to be able to upgrade their subscriptions, so I followed the docs to create a portal session: https:\/\/docs.stripe.com\/api\/customer_portal\/sessions\/create\r\n\r\nI try to call the function like this:\r\n````\r\n                Stripe.billingPortal.sessions.create({\r\n                    customer: req.session.user.customerId,\r\n                    return_url: `${domain}account\/${req.session.user.id}`,\r\n                    flow_data: {\r\n                        type: 'subscription_update' as stripe.BillingPortal.SessionCreateParams.FlowData.Type,\r\n                        subscription_update: {\r\n                            subscription: stripeSubscriptionId,\r\n                        }\r\n                    }\r\n                }).then((stripeSession) => {\r\n                    res.redirect(303, stripeSession.url);\r\n                });\r\n````\r\n\r\nBut I get a TS error:\r\n![image](https:\/\/github.com\/user-attachments\/assets\/dafd304c-8bf9-4612-9f64-6257a4b9b3dc)\r\n\r\nAnd in the FlowData interface I can see there is no property 'subscription_update':\r\n![image](https:\/\/github.com\/user-attachments\/assets\/20446e58-5ddf-4175-a572-a9d17291c3e7)\r\n\r\nI can get around the error by declaring the flow data object separately, but it's messier than passing the object in directly:\r\n````\r\n                const flow_data = {\r\n                    type: 'subscription_update' as stripe.BillingPortal.SessionCreateParams.FlowData.Type,\r\n                    subscription_update: {\r\n                        subscription: stripeSubscriptionId,\r\n                    }\r\n                };\r\n                Stripe.billingPortal.sessions.create({\r\n                    customer: req.session.user.customerId,\r\n                    return_url: `${domain}account\/${req.session.user.id}`,\r\n                    flow_data\r\n                }).then((stripeSession) => {\r\n                    res.redirect(303, stripeSession.url);\r\n                });\r\n````\r\n\r\n\r\n### Expected behavior\r\n\r\nProperty 'subscription_update' should exist on interface FlowData.\r\n\r\n### Code snippets\r\n\r\n_No response_\r\n\r\n### OS\r\n\r\nWindows 11\r\n\r\n### Node version\r\n\r\nv20.11.0\r\n\r\n### Library version\r\n\r\n1.21.6\r\n\r\n### API version\r\n\r\n2024-09-30.acacia\r\n\r\n### Additional context\r\n\r\n_No response_"},"languages":{"0":["TypeScript","Shell","NSIS"],"1":["TypeScript","Shell","NSIS"],"2":["TypeScript","Shell","NSIS"],"3":["TypeScript","JavaScript","HTML"],"4":["TypeScript","JavaScript","HTML"],"5":["Java","Kotlin","Dockerfile"],"6":["Java","Kotlin","Dockerfile"],"7":["Python"],"8":["Python"],"9":["TypeScript","JavaScript"],"10":["TypeScript","JavaScript"],"11":["Java","Groovy","Shell"],"12":["C","Python","Shell"],"13":["C","Python","Shell"],"14":["C++","C","CMake"],"15":["C++","C","CMake"],"16":["Python","Cython","HTML"],"17":["Vim Script"],"18":["TypeScript","JavaScript","Shell"],"19":["TypeScript","JavaScript","Shell"],"20":["TypeScript","JavaScript","Makefile"]},"tags":{"0":"allow overriding default shell window feature request relate problem describe unix chsh default shell prefer shell hyper honor window s way configure default shell far tell ve try override comspec variable effect hyper d like configure default shell configuration file d like reuse configuration file use platform describe solution d like ideally user configure environment change default shell eg defaultshelluserprofilelocalbinmyshellexe hyper honor typescript shell nsis typescript shell nsis typescript shell nsis typescript javascript html typescript javascript html java kotlin dockerfile java kotlin dockerfile python python typescript javascript typescript javascript java groovy shell c python shell c python shell c c cmake c c cmake python cython html vim script typescript javascript shell typescript javascript shell typescript javascript makefile language dtype object","1":"support forward slash window feature request relate problem describe use hyper config d like share windows unix host window generally support forward slash nice hyper window allow config share platform example shell usersjaracolocalbinxonshexe config not work window cause crash file exist translate forward slash backslashe application run describe solution d like well honor forward slash platform make configuration file portable translate forward slash backslashe pass window apis likely path simply forward slash hyper merely need avoid crash forward slash supply window typescript shell nsis typescript shell nsis typescript shell nsis typescript javascript html typescript javascript html java kotlin dockerfile java kotlin dockerfile python python typescript javascript typescript javascript java groovy shell c python shell c python shell c c cmake c c cmake python cython html vim script typescript javascript shell typescript javascript shell typescript javascript makefile language dtype object","2":"support homerelative path expand feature request relate problem describe d like able share hyper config customize host corporate restriction username different different host shell configuration variable necessarily different machine example shell usersjaracolocalbinxonshexe shell usersjaracolocalbinxonshexe hyper configuration allow homerelative path possible declare config way host shell localbinxonshexe describe solution d like config item reference path allow path contain expand user home directory typescript shell nsis typescript shell nsis typescript shell nsis typescript javascript html typescript javascript html java kotlin dockerfile java kotlin dockerfile python python typescript javascript typescript javascript java groovy shell c python shell c python shell c c cmake c c cmake python cython html vim script typescript javascript shell typescript javascript shell typescript javascript makefile language dtype object","3":"vercel link repo slow x trace glob issue issue cwd globbing mean search entire file system export async function getworkspace fs depth maxdepthtraverse cwd getworkspaceoption promiseworkspace depth return const workspacetype await detectworkspacemanager fs frameworklist workspacemanager workspacetype null const directorycontent await fsreaddir const childdirectorie directorycontentsfilter stat stattype dir return await promiseall childdirectoriesmapchilddirectory getworkspace fs fschdirchilddirectorypath depth depth cwd posixpathjoincwd childdirectorypath flat return type workspacetype workspacetype rootpath cwd globs repospackagejson toolspackagejson vercelpackagejson venvpackagejson archivepackagejson staticpackagejson run memory gcs x ms markcompact mb pool mb ms average mu current mu allocation failure scavenge succeed x ms markcompact mb pool mb ms average mu current mu allocation failure scavenge succeed js stacktrace fatal error ineffective markcompact near heap limit allocation fail javascript heap memory native stack trace xbb nodeoomerrorhandlerchar const voomdetail const usersvaughanlibrarypnpmnodejsbinnode xda vinternalvfatalprocessoutofmemoryvinternalisolate char const voomdetail const usersvaughanlibrarypnpmnodejsbinnode xfbb vinternalheapstack usersvaughanlibrarypnpmnodejsbinnode xffcc vinternalheapcollectgarbagevinternalallocationspace vinternalgarbagecollectionreason vgccallbackflagsoperator const usersvaughanlibrarypnpmnodejsbinnode xffc void heapbasestacksetmarkerandcallbackimplvinternalheapcollectgarbagevinternalallocationspace vinternalgarbagecollectionreason vgccallbackflagsheapbasestack void void const usersvaughanlibrarypnpmnodejsbinnode xbd pushallregistersanditeratestack usersvaughanlibrarypnpmnodejsbinnode xfef vinternalheapcollectgarbagevinternalallocationspace vinternalgarbagecollectionreason vgccallbackflag usersvaughanlibrarypnpmnodejsbinnode xff vinternalheapallocatorallocaterawwithlightretryslowpathint vinternalallocationtype vinternalallocationorigin vinternalallocationalignment usersvaughanlibrarypnpmnodejsbinnode xffcb vinternalheapallocatorallocaterawwithretryorfailslowpathint vinternalallocationtype vinternalallocationorigin vinternalallocationalignment usersvaughanlibrarypnpmnodejsbinnode xfca vinternalfactorynewfillerobjectint vinternalallocationalignment vinternalallocationtype vinternalallocationorigin usersvaughanlibrarypnpmnodejsbinnode xbd vinternalruntimeallocateinyounggenerationint unsigned long vinternalisolate usersvaughanlibrarypnpmnodejsbinnode xbc builtinswasmcentry usersvaughanlibrarypnpmnodejsbinnode xb builtinsstringaddchecknone usersvaughanlibrarypnpmnodejsbinnode xba xcaf xcf xc xce xc xc xcade xc xca xcb xcc x builtinspromisefulfillreactionjob usersvaughanlibrarypnpmnodejsbinnode xd builtinsrunmicrotasks usersvaughanlibrarypnpmnodejsbinnode xeaf builtinsjsrunmicrotasksentry usersvaughanlibrarypnpmnodejsbinnode xecc vinternalanonymous namespaceinvokevinternalisolate vinternalanonymous namespaceinvokeparam const usersvaughanlibrarypnpmnodejsbinnode xecccc vinternalanonymous namespaceinvokewithtrycatchvinternalisolate vinternalanonymous namespaceinvokeparam const usersvaughanlibrarypnpmnodejsbinnode xece vinternalexecutiontryrunmicrotasksvinternalisolate vinternalmicrotaskqueue usersvaughanlibrarypnpmnodejsbinnode xeeed vinternalmicrotaskqueuerunmicrotasksvinternalisolate usersvaughanlibrarypnpmnodejsbinnode xeef vinternalmicrotaskqueueperformcheckpointvisolate usersvaughanlibrarypnpmnodejsbinnode xad nodeinternalcallbackscopeclose usersvaughanlibrarypnpmnodejsbinnode xadd nodeinternalcallbackscopeinternalcallbackscope usersvaughanlibrarypnpmnodejsbinnode xbb nodefsfsreqpromisenodealiasedbufferbasedouble vfloatarrayresolvevlocalvvalue usersvaughanlibrarypnpmnodejsbinnode xbbfac nodefsafterstatuvfss usersvaughanlibrarypnpmnodejsbinnode xbbef nodemakelibuvrequestcallbackuvfss void uvfsswrapperuvfss usersvaughanlibrarypnpmnodejsbinnode xfedc uvworkdone usersvaughanlibrarypnpmnodejsbinnode xfdb uvasyncio usersvaughanlibrarypnpmnodejsbinnode xff uviopoll usersvaughanlibrarypnpmnodejsbinnode xfdf uvrun usersvaughanlibrarypnpmnodejsbinnode xadac nodespineventloopinternalnodeenvironment usersvaughanlibrarypnpmnodejsbinnode xbfdd nodenodemaininstancerunnodeexitcode nodeenvironment usersvaughanlibrarypnpmnodejsbinnode xbfdb nodenodemaininstancerun usersvaughanlibrarypnpmnodejsbinnode xbf nodestartint char usersvaughanlibrarypnpmnodejsbinnode xec start usrlibdyld usersvaughanlibrarypnpmvercel line abort trap usersvaughanlibrarypnpmnodejsbinnode basedirglobalnodemodulesverceldistindexjs typescript shell nsis typescript shell nsis typescript shell nsis typescript javascript html typescript javascript html java kotlin dockerfile java kotlin dockerfile python python typescript javascript typescript javascript java groovy shell c python shell c python shell c c cmake c c cmake python cython html vim script typescript javascript shell typescript javascript shell typescript javascript makefile language dtype object","4":"cli add telemetry vercel team invite email email additional telemetry minimal test setup run vercel team invite typescript shell nsis typescript shell nsis typescript shell nsis typescript javascript html typescript javascript html java kotlin dockerfile java kotlin dockerfile python python typescript javascript typescript javascript java groovy shell c python shell c python shell c c cmake c c cmake python cython html vim script typescript javascript shell typescript javascript shell typescript javascript makefile language dtype object","5":"add metaresolver attribute customize meta resolution discussion potential solution idea add resolver attribute meta annotation spel expression return fully populated meta instance query execution refer name bean implement dedicated interface metaresolverresolverepositorymethodcontext implementation access method guess support time end add option typescript shell nsis typescript shell nsis typescript shell nsis typescript javascript html typescript javascript html java kotlin dockerfile java kotlin dockerfile python python typescript javascript typescript javascript java groovy shell c python shell c python shell c c cmake c c cmake python cython html vim script typescript javascript shell typescript javascript shell typescript javascript makefile language dtype object","6":"add litteral array setunion hello setoperatorssetunion setoperatorsarrayassetafieldunionanotherfield reproduce expression work fine mongo field single value need wrap square bracket setunion arrayofstringfield stringfield thank typescript shell nsis typescript shell nsis typescript shell nsis typescript javascript html typescript javascript html java kotlin dockerfile java kotlin dockerfile python python typescript javascript typescript javascript java groovy shell c python shell c python shell c c cmake c c cmake python cython html vim script typescript javascript shell typescript javascript shell typescript javascript makefile language dtype object","7":"llama vision accept image hello thank thegreat work try expermint model work question use llama vision cover case image try set value image variable delete alawys valueerror invalid input type single image list image list batch image valueerror image provide image tokens prompt typescript shell nsis typescript shell nsis typescript shell nsis typescript javascript html typescript javascript html java kotlin dockerfile java kotlin dockerfile python python typescript javascript typescript javascript java groovy shell c python shell c python shell c c cmake c c cmake python cython html vim script typescript javascript shell typescript javascript shell typescript javascript makefile language dtype object","8":"lmhead weight llamabinstruct model hello find s lmhead weight model checkpoint safetensor model load weight linear layer lmhead typescript shell nsis typescript shell nsis typescript shell nsis typescript javascript html typescript javascript html java kotlin dockerfile java kotlin dockerfile python python typescript javascript typescript javascript java groovy shell c python shell c python shell c c cmake c c cmake python cython html vim script typescript javascript shell typescript javascript shell typescript javascript makefile language dtype object","9":"fix commitlint path error cloning proj linux machine step reproduce bash clone project commitlint initialize windows machine config file commitlintconfigjs moduleexport extend commitlintconfigconventional clone project linux machine current behavior commit successfully complete step step errno filehomeusernamedocumentscodingprojectdirnodemodulescommitlintclilibclijs throw err error enoent file directory open homeusernamedocumentscodingprojectdir errno code enoent syscall open path homeusernamedocumentscodingprojectdir expect behavior properly commit affect package cli x core prompt configangular possible solution believe issue extra slash end path add context stop commit code linux machine commitlint version git version v node version v typescript shell nsis typescript shell nsis typescript shell nsis typescript javascript html typescript javascript html java kotlin dockerfile java kotlin dockerfile python python typescript javascript typescript javascript java groovy shell c python shell c python shell c c cmake c c cmake python cython html vim script typescript javascript shell typescript javascript shell typescript javascript makefile language dtype object","10":"fix title typeenum inside ruleconfigseverityerror work step reproduce bash import ruleconfigseverity userconfig commitlinttype const configuration userconfig rule typeenum ruleconfigseverityerror change related build process build tool build change introduce functional behavioral modification change miscellaneous task maintenance chore not affect functionality chore export default configuration current behavior screenshot httpsgithubcomuserattachmentsassetscefbaeefdc expect behavior screenshot httpsgithubcomuserattachmentsassetscdddcbcabaefaead affect package x cli core x prompt configangular possible solution response context response commitlint version commitlintcli git version v node version v typescript shell nsis typescript shell nsis typescript shell nsis typescript javascript html typescript javascript html java kotlin dockerfile java kotlin dockerfile python python typescript javascript typescript javascript java groovy shell c python shell c python shell c c cmake c c cmake python cython html vim script typescript javascript shell typescript javascript shell typescript javascript makefile language dtype object","11":"getschema string schemapattern return schemas violate jdbc spec describe issue method getschemasstre catalog string schemapattern pgjdbc implementation interface databasemetadata return row supply string argument schemapattern row return schema match nonnull schemapattern argument javasql interface databasemetadatahttpsdocsoraclecomenjavajavasedocsapijavasqljavasqldatabasemetadatahtmlgetschemasjavalangstringjavalangstre driver version java version postgresql version reproduce java resultset rs connectiongetmetadatagetschemasnull rsnext systemoutprintlnfound row systemoutprintlnno row output find row expect behaviour row javasql interface databasemetadatahttpsdocsoraclecomenjavajavasedocsapijavasqljavasqldatabasemetadatahtmlgetschemasjavalangstringjavalangstre getschemasstre catalog string schemapattern parameter schemapattern null match schema store database schemapattern schema match schema store database null mean schema narrow search typescript shell nsis typescript shell nsis typescript shell nsis typescript javascript html typescript javascript html java kotlin dockerfile java kotlin dockerfile python python typescript javascript typescript javascript java groovy shell c python shell c python shell c c cmake c c cmake python cython html vim script typescript javascript shell typescript javascript shell typescript javascript makefile language dtype object","12":"memoryswapmax max contrary systemctl showexpectation systemd version issue see distribution rocky linux kernel version elx cpu architecture issue see x component systemd expect behaviour not swap disabled decedent lsgslice unexpected behaviour see disablecontrollersmemory decedent default memoryswapmax max lsgslice root memoryswapmax add disablecontrollersmemory decedent long access memory controller lsgslice root memoryswapmax set max step reproduce problem create slice cat etcsystemdsystemlsgslice descriptionlsg sliceca documentationmansystemdspecial defaultdependenciesno beforeslicestarget requiresslice afterslice slice disablecontrollersmemory allowedcpus allowedmemorynode memoryswapmax assign service unit slice rootlsgdc cat etcsystemdsystemlsgservice unit descriptionlsg service userlsg slicelsgslice workingdirectory execstartpre execstart restartalway install wantedbymultiusertarget systemctl daemonreload systemctl restart lsgslice observe lsg unit process swap look sysfscgrouplsgslicememoryswapmax max additional program output terminal log subsystem illustrate issue sh systemctl lsgslice grep swap memoryswapmax cat sysfscgrouplsgslicememoryswapmax max typescript shell nsis typescript shell nsis typescript shell nsis typescript javascript html typescript javascript html java kotlin dockerfile java kotlin dockerfile python python typescript javascript typescript javascript java groovy shell c python shell c python shell c c cmake c c cmake python cython html vim script typescript javascript shell typescript javascript shell typescript javascript makefile language dtype object","13":"systemdmachine crash call list varlink method systemd version issue see bdcccffafecceaade distribution fedora linux kernel version linux version fcx cpu architecture issue see component systemdmachine expect behaviour not response unexpected behaviour see sh varlink new incoming connection varlink connection user max varlink set state idleserver varlink receive message methodiosystemdmachinelistparametersname varlink change state idleserver processingmethod varlink send message errororgvarlinkserviceinvalidparameterparametersparametername varlink change state processingmethod processedmethod assertion fail srcmachinemachinedvarlinkc function listmachineone abort sh assertion fail srcmachinemachinedvarlinkc function listmachineone abort xfefdc pthreadkillimplementation liblibcso xfefdbce raise liblibcso xfefd abort liblibcso xfefba logassertfaile textoptimize fileoptimize linelineentry funcoptimize srcbasiclogc xa listmachineone linkxd moptimize moreoptimized srcmachinemachinedvarlinkc xd vlmethodlist linkoptimize parameterserror read variable access memory address x flagsoptimize userdataxc srcmachinemachinedvarlinkc xfefccbc varlinkdispatchmethod vxd srclibsystemdsdvarlinksdvarlinkc sdvarlinkprocess vxd srclibsystemdsdvarlinksdvarlinkc xfefcef defercallback ssentryxedda userdatax srclibsystemdsdvarlinksdvarlinkc xfefbb sourcedispatch sxedda srclibsystemdsdeventsdeventc xfefba sdeventdispatch eeentryx srclibsystemdsdeventsdeventc xfefbafa sdeventrun ex timeoutoptimize srclibsystemdsdeventsdeventc xfefa buseventloopwithidle ex busoptimize nameoptimize timeoutoptimize checkidleoptimize userdataoptimized srcsharedbusutilc xaba run argcoptimize argvoptimize srcmachinemachinedc main argcoptimized argvoptimize srcmachinemachinedc step reproduce problem sh printf methodiosystemdmachinelistparametersname ncat u runsystemdmachineiosystemdmachine additional program output terminal log subsystem illustrate issue response typescript shell nsis typescript shell nsis typescript shell nsis typescript javascript html typescript javascript html java kotlin dockerfile java kotlin dockerfile python python typescript javascript typescript javascript java groovy shell c python shell c python shell c c cmake c c cmake python cython html vim script typescript javascript shell typescript javascript shell typescript javascript makefile language dtype object","14":"static global function header interfere use module beast global function header instance clamp boostbeastcoredetailclamphpp declare static static global function inaccessible second phase lookup template instantiate outside module instance module like c module include boostbeasthpp include stringview export module thingy struct thingy void fstdstringview text auto function msocketasyncwriteboostasiobuffertext function private boostbeastwebsocketstreamboostasioiptcpsocket msocket user attempt thingyf error message like console boostbeastwebsocketimplwritehpp fatal error matching function clamp bytestransferre clampfhlen clamp overload declare static translationunit local sense remove static fix problem clamp set function template not need change m sure function similar issue s ve run far typescript shell nsis typescript shell nsis typescript shell nsis typescript javascript html typescript javascript html java kotlin dockerfile java kotlin dockerfile python python typescript javascript typescript javascript java groovy shell c python shell c python shell c c cmake c c cmake python cython html vim script typescript javascript shell typescript javascript shell typescript javascript makefile language dtype object","15":"basicstreams websocketstream asyncconnect compilation type convertible failure introduce boost boost version beast boost step necessary reproduce problem sample code godbolthttpsgccgodboltorgzemazeb yes know minimum example contrive not want share awful code know s intellectual property not section codebase cpp include boostbeastcorehpp include boostbeastwebsockethpp namespace bb boostbeast extern boostbeastwebsocketstreamboostbeasttcpstream stream extern void onconnectboostbeasterrorcode ec boostasioiptcpresolverresultstypeendpointtype void onresolveboostbeasterrorcode ec boostasioiptcpresolverresultstype result boostbeastgetlowestlayerstreamasyncconnect result auto ec auto endpoint onconnectec endpoint simple solution change auto endpoint boostasioiptcpresolverresultstypeendpointtype absolutely idea change function generation execution compare s intend appear mix asiobeast bug reduce commit boost asio boost beast specifically boost beast boost boost asio boost fine boost asio introduce httpsgithubcomboostorgasiocommitcecbbcffbfafdcfe cause cause httpsgithubcomboostorgbeastcommitabbaaeddabfdbdaaebbc introduce fix asio release note available boost release suspect case asio change default beast change fix ambiguity introduce different behavior change accident relevant compiler information not think particularly relevant gcc stdc trigger typescript shell nsis typescript shell nsis typescript shell nsis typescript javascript html typescript javascript html java kotlin dockerfile java kotlin dockerfile python python typescript javascript typescript javascript java groovy shell c python shell c python shell c c cmake c c cmake python cython html vim script typescript javascript shell typescript javascript shell typescript javascript makefile language dtype object","16":"bug python makepy html documentation give error panda version check x check issue report x confirm bug exist late versionhttpspandaspydataorgdocswhatsnewindexhtml panda x confirm bug exist main branchhttpspandaspydataorgdocsdevgettingstartedinstallhtmlinstallingthedevelopmentversionofpandas panda reproducible example python python makepy html issue description try build documentationhttpspandaspydataorgdocsdevdevelopmentcontributingdocumentationhtmlbuildingthedocumentation pandasdev build fail sphinx parallel build error img width altscreenshot srchttpsgithubcomuserattachmentsassetsccfccaadffcba stackoverflow issue referencehttpsstackoverflowcomquestionspandasdevlocalsetupisfailingwhenbuildingdocumentation expect behavior build successful doc build local instal version detail instal version commit aeadfabcdfbbddfdffd python pythonbit os darwin osrelease version darwin kernel version fri jul pdt rootxnureleasearmt machine arm processor arm byteorder little lcall lang enusutf locale enusutf panda untaggedgae numpy dateutil pip cython sphinx ipython adbcdriverpostgresql adbcdriversqlite bs blosc bottleneck fastparquet fsspec htmllib hypothesis gcsfs post jinja lxmletree matplotlib numba numexpr odfpy openpyxl psycopg pymysql pyarrow pyreadstat pyt pythoncalamine pytz pyxlsb sfs scipy sqlalchemy table tabulate xarray xlrd xlsxwriter zstandard tzdata qtpy pyqt detail typescript shell nsis typescript shell nsis typescript shell nsis typescript javascript html typescript javascript html java kotlin dockerfile java kotlin dockerfile python python typescript javascript typescript javascript java groovy shell c python shell c python shell c c cmake c c cmake python cython html vim script typescript javascript shell typescript javascript shell typescript javascript makefile language dtype object","17":"git command fail error not open file syntaxdiffvim recently start experience weird error try run git command error detect process bufreadcmd autocommand fugitivefunction fugitivebufreadcmdfugitivebufreadstatusbufreadcmd autocommand fugitivefunction fu gitivebufreadcmdfugitivebufreadstatusfiletype autocommand syntax autocommand function snrsynsetscript userslocalsharenvimsitepackpack erstartvimfugitivesyntaxfugitivevim line e not open file syntaxdiffvim appreciate help issue neovim v fugitive deceffaffbadeedb macos typescript shell nsis typescript shell nsis typescript shell nsis typescript javascript html typescript javascript html java kotlin dockerfile java kotlin dockerfile python python typescript javascript typescript javascript java groovy shell c python shell c python shell c c cmake c c cmake python cython html vim script typescript javascript shell typescript javascript shell typescript javascript makefile language dtype object","18":"prisma client connect throw error database reachable startup bug description ve encounter issue previous project teach resolve new version prisma current project late prisma version m face follow connect database application startup prisma client connect method error throw database unreachable incorrect host port db client simply proceed report connection failure detect issue test manually initiate transaction database query error actually throw reproduce change run error set prisma incorrect database host port prismaclientconnect app startup observe error throw query transaction start expect behavior prisma client connect throw error database reachable prisma information include database credential share prisma schema schema file prisma generator client provider prismaclientjs output generatedclient datasource db provider mongodb url envdatabaseurl model user d string d defaultauto mapid dbobjectid createdat datetime defaultnow updatedat datetime updatedat app code typescript const prisma new prismaclient datasource db url configsgetorthrowdatabaseurl mongodbxxxxxxdbreplicasetreplicasetdirectconnectiontrue prismaconnect program continue error test connection initiate transaction connect not throw error database unreachable prismatransactionasync environment setup os windows database mongodb nodejs version v prisma version packagejson json dependency prismaclient devdependencie prisma typescript shell nsis typescript shell nsis typescript shell nsis typescript javascript html typescript javascript html java kotlin dockerfile java kotlin dockerfile python python typescript javascript typescript javascript java groovy shell c python shell c python shell c c cmake c c cmake python cython html vim script typescript javascript shell typescript javascript shell typescript javascript makefile language dtype object","19":"inconsistent column datum convert value false field receiveemail type decimal bug description recently change database sqlserver postgresql column type different prisma schemas convert old schema new old column sqlserver receiveemail boolean new column receiveemail decimal dbdecimal mapreceiveemail run findfirstorthrow query receive error inconsistent column datum convert value false field receiveemail type decimal reproduce run code aw lambda error happen run code local macos error expect behavior expect receive error correct datum result prisma information prisma model member d string idmap member dbvarchar mapid receiveemail decimal dbdecimal mapreceiveemail personid bigint mappersonid email string dbvarchar mapemail ts await prismamembersfindfirstorthrow d d environment setup os macos database postgresql nodejs version prisma version typescript shell nsis typescript shell nsis typescript shell nsis typescript javascript html typescript javascript html java kotlin dockerfile java kotlin dockerfile python python typescript javascript typescript javascript java groovy shell c python shell c python shell c c cmake c c cmake python cython html vim script typescript javascript shell typescript javascript shell typescript javascript makefile language dtype object","20":"create customer portal session flow subscriptionupdate property subscriptionupdate exist type flowdata describe bug ts complain miss property subscriptionupdate interface flowdata reproduce want customer able upgrade subscription follow doc create portal session httpsdocsstripecomapicustomerportalsessionscreate try function like stripebillingportalsessionscreate customer reqsessionusercustomerid returnurl domainaccountreqsessionuserid flowdata type subscriptionupdate stripebillingportalsessioncreateparamsflowdatatype subscriptionupdate subscription stripesubscriptionid thenstripesession resredirect stripesessionurl ts error imagehttpsgithubcomuserattachmentsassetsdafdcbffabbdc flowdata interface property subscriptionupdate imagehttpsgithubcomuserattachmentsassetseddfaadce error declare flow datum object separately messy pass object directly const flowdata type subscriptionupdate stripebillingportalsessioncreateparamsflowdatatype subscriptionupdate subscription stripesubscriptionid stripebillingportalsessionscreate customer reqsessionusercustomerid returnurl domainaccountreqsessionuserid flowdata thenstripesession resredirect stripesessionurl expect behavior property subscriptionupdate exist interface flowdata code snippet response os windows node version v library version api version acacia additional context response typescript shell nsis typescript shell nsis typescript shell nsis typescript javascript html typescript javascript html java kotlin dockerfile java kotlin dockerfile python python typescript javascript typescript javascript java groovy shell c python shell c python shell c c cmake c c cmake python cython html vim script typescript javascript shell typescript javascript shell typescript javascript makefile language dtype object"}}